2025-06-26 22:26:47,156 - INFO - IPO Ingestion Started
2025-06-26 22:26:47,172 - INFO - Reading input file: Data/ipo.csv
2025-06-26 22:26:47,172 - INFO - Reading records from file
2025-06-26 22:26:47,172 - INFO - Total records read: 4
2025-06-26 22:26:47,172 - INFO - Summarization completed
2025-06-26 22:26:47,173 - INFO - Writing summary to CSV: out.csv
2025-06-26 22:26:47,174 - ERROR - Ingestion failed: 'charmap' codec can't encode character '\u20b9' in position 26: character maps to <undefined>
2025-06-26 22:27:50,322 - INFO - IPO Ingestion Started
2025-06-26 22:27:50,323 - INFO - Reading input file: Data/ipo.csv
2025-06-26 22:27:50,323 - INFO - Reading records from file
2025-06-26 22:27:50,323 - INFO - Total records read: 4
2025-06-26 22:27:50,324 - INFO - Summarization completed
2025-06-26 22:27:50,324 - INFO - Writing summary to CSV: out.csv
2025-06-26 22:27:50,325 - ERROR - Ingestion failed: 'charmap' codec can't encode character '\u20b9' in position 26: character maps to <undefined>
2025-06-26 22:29:04,901 - INFO - IPO Ingestion Started
2025-06-26 22:29:04,901 - INFO - Reading input file: Data/ipo.csv
2025-06-26 22:29:04,901 - INFO - Reading records from file
2025-06-26 22:29:04,901 - INFO - Total records read: 4
2025-06-26 22:29:04,901 - INFO - Summarization completed
2025-06-26 22:29:04,901 - INFO - Writing summary to CSV: out.csv
2025-06-26 22:29:04,901 - INFO - CSV written: out.csv
2025-06-26 22:29:04,901 - INFO - CSV writing completed
2025-06-26 22:29:04,901 - INFO - Writing summary to JSON
2025-06-26 22:29:04,901 - INFO - JSON written: out.json
2025-06-26 22:29:04,901 - INFO - IPO Ingestion Completed Successfully
