2025-06-24 22:23:59,184 - INFO - ------------------------Ingesting file Data/ipo.csv------------------------
2025-06-24 22:23:59,201 - WARNING - Invalid row skipped: {'ipo_applications.csv': '-------------------------'} | Error: 'Company'
2025-06-24 22:23:59,201 - WARNING - Invalid row skipped: {'ipo_applications.csv': 'Company', None: ['Investor', 'Quantity', 'Price']} | Error: 'Company'
2025-06-24 22:23:59,202 - WARNING - Invalid row skipped: {'ipo_applications.csv': 'TCS', None: ['Abhinav', '20', '3200']} | Error: 'Company'
2025-06-24 22:23:59,202 - WARNING - Invalid row skipped: {'ipo_applications.csv': 'INFY', None: ['Ritika', '50', '1500']} | Error: 'Company'
2025-06-24 22:23:59,202 - WARNING - Invalid row skipped: {'ipo_applications.csv': 'TCS', None: ['Aryan', '30', '3300']} | Error: 'Company'
2025-06-24 22:23:59,202 - WARNING - Invalid row skipped: {'ipo_applications.csv': 'HDFC', None: ['Neha', '10', '1800']} | Error: 'Company'
2025-06-24 22:24:23,639 - INFO - ------------------------Ingesting file Data/ipo.csv------------------------
2025-06-24 22:24:23,639 - WARNING - Invalid row skipped: {'ipo_applications.csv': '-------------------------'} | Error: 'Company'
2025-06-24 22:24:23,640 - WARNING - Invalid row skipped: {'ipo_applications.csv': 'Company', None: ['Investor', 'Quantity', 'Price']} | Error: 'Company'
2025-06-24 22:24:23,640 - WARNING - Invalid row skipped: {'ipo_applications.csv': 'TCS', None: ['Abhinav', '20', '3200']} | Error: 'Company'
2025-06-24 22:24:23,640 - WARNING - Invalid row skipped: {'ipo_applications.csv': 'INFY', None: ['Ritika', '50', '1500']} | Error: 'Company'
2025-06-24 22:24:23,640 - WARNING - Invalid row skipped: {'ipo_applications.csv': 'TCS', None: ['Aryan', '30', '3300']} | Error: 'Company'
2025-06-24 22:24:23,640 - WARNING - Invalid row skipped: {'ipo_applications.csv': 'HDFC', None: ['Neha', '10', '1800']} | Error: 'Company'
2025-06-24 22:24:23,641 - INFO - Summary written to output.csv
2025-06-24 22:24:23,643 - INFO - Summary written to output.json
2025-06-24 22:24:23,643 - INFO - --- IPO Ingestion Completed ---
2025-06-24 22:25:32,328 - INFO - ------------------------Ingesting file ./Data/ipo.csv------------------------
2025-06-24 22:25:32,328 - WARNING - Invalid row skipped: {'ipo_applications.csv': '-------------------------'} | Error: 'Company'
2025-06-24 22:25:32,329 - WARNING - Invalid row skipped: {'ipo_applications.csv': 'Company', None: ['Investor', 'Quantity', 'Price']} | Error: 'Company'
2025-06-24 22:25:32,329 - WARNING - Invalid row skipped: {'ipo_applications.csv': 'TCS', None: ['Abhinav', '20', '3200']} | Error: 'Company'
2025-06-24 22:25:32,329 - WARNING - Invalid row skipped: {'ipo_applications.csv': 'INFY', None: ['Ritika', '50', '1500']} | Error: 'Company'
2025-06-24 22:25:32,329 - WARNING - Invalid row skipped: {'ipo_applications.csv': 'TCS', None: ['Aryan', '30', '3300']} | Error: 'Company'
2025-06-24 22:25:32,329 - WARNING - Invalid row skipped: {'ipo_applications.csv': 'HDFC', None: ['Neha', '10', '1800']} | Error: 'Company'
2025-06-24 22:25:32,330 - INFO - Summary written to output.csv
2025-06-24 22:25:32,332 - INFO - Summary written to output.json
2025-06-24 22:25:32,333 - INFO - --- IPO Ingestion Completed ---
2025-06-24 22:27:27,201 - INFO - ------------------------Ingesting file Data/ipo.csv------------------------
2025-06-24 22:27:27,201 - INFO - Summary written to output.csv
2025-06-24 22:27:27,217 - INFO - Summary written to output.json
2025-06-24 22:27:27,217 - INFO - --- IPO Ingestion Completed ---
